These are the new updates by :ADMIN
CLEAR LOG 
On: Fri Nov 27 07:35:38 2020|
SHAMMAH accessed the log on Fri Nov 27 07:38:25 2020
Action: LOG DATA|
SHAMMAH accessed the log on Fri Nov 27 07:39:21 2020
Action: LOG DATA|
STEVE SHAMMAH accessed the log on Fri Nov 27 07:45:20 2020
Action: SIGNUP|
STEVE SHAMMAH accessed the log on Fri Nov 27 07:45:53 2020
Action: SIGNUP|
ADMIN accessed the log on Sun Nov 29 14:52:41 2020
Action: LOGIN|
ADMIN accessed the log on Sun Nov 29 14:52:41 2020
Action: LOGIN|
ADMIN accessed the log on Sun Nov 29 15:01:12 2020
Action: LOGIN|
STEVE accessed the log on Sun Nov 29 15:02:43 2020
Action: LOGIN|
SUPERUSER accessed the log on Sun Nov 29 15:02:43 2020
Action: LOGIN|
ADMIN accessed the log on Sun Nov 29 15:02:43 2020
Action: LOGIN|
LIL WAYNE accessed the log on Sun Nov 29 17:03:00 2020
Action: SIGNUP|
EMINEM WAYNE accessed the log on Sun Nov 29 17:03:00 2020
Action: SIGNUP|
EMINEM WAYNE accessed the log on Sun Nov 29 17:07:29 2020
Action: SIGNUP|
2PAC SHAKUR accessed the log on Sun Nov 29 17:17:33 2020
Action: SIGNUP|
2PAC accessed the log on Sun Nov 29 17:17:33 2020
Action: LOGIN|
MAD MOMMA accessed the log on Sun Nov 29 17:17:33 2020
Action: SIGNUP|
MAD MOMMA accessed the log on Sun Nov 29 17:21:54 2020
Action: SIGNUP|
MAD accessed the log on Sun Nov 29 17:21:54 2020
Action: LOGIN|
ADMIN accessed the log on Mon Nov 30 20:50:41 2020
Action: LOGIN|
STEVE SHAMMAH accessed the log on Mon Nov 30 20:50:41 2020
Action: SIGNUP|
ADMIN accessed the log on Mon Nov 30 21:12:13 2020
Action: LOGIN|
ADMINISTRATOR ADMIN accessed the log on Mon Nov 30 21:12:13 2020
Action: SIGNUP|
ADMINISTRATOR ADMIN accessed the log on Mon Nov 30 21:15:24 2020
Action: SIGNUP|
ADMINISTRATOR ADMIN accessed the log on Mon Nov 30 21:16:33 2020
Action: SIGNUP|
ADMINISTRATOR ADMIN accessed the log on Mon Nov 30 21:16:33 2020
Action: SIGNUP|
ADMINISTRATOR ADMIN accessed the log on Mon Nov 30 21:21:08 2020
Action: SIGNUP|
ADMINISTRATOR ADMIN accessed the log on Mon Nov 30 21:21:25 2020
Action: SIGNUP|
ADMINISTRATOR ADMIN accessed the log on Mon Nov 30 21:22:40 2020
Action: SIGNUP|
ADMINISTRATOR ADMIN accessed the log on Mon Nov 30 21:25:38 2020
Action: SIGNUP|
J CAPRI accessed the log on Mon Nov 30 21:25:38 2020
Action: SIGNUP|
J CAPRI accessed the log on Mon Nov 30 21:27:56 2020
Action: SIGNUP|
JOSEPH HILL accessed the log on Mon Nov 30 21:27:56 2020
Action: SIGNUP|
JOSEPH HILL accessed the log on Mon Nov 30 21:28:47 2020
Action: SIGNUP|
ADMIN accessed the log on Mon Nov 30 22:05:14 2020
Action: LOGIN|
ADMIN accessed the log on Mon Nov 30 22:06:08 2020
Action: LOGIN|
DEXTA DAPS accessed the log on Mon Nov 30 22:06:08 2020
Action: SIGNUP|
DEXTA DAPS accessed the log on Mon Nov 30 22:06:08 2020
Action: SIGNUP|
DEXTA DAPS accessed the log on Mon Nov 30 22:07:27 2020
Action: SIGNUP|
ADMIN accessed the log on Mon Nov 30 22:07:27 2020
Action: LOGIN|
ADMIN accessed the log on Tue Dec  1 06:02:45 2020
Action: LOGIN|
STEVE SHAMMAH accessed the log on Tue Dec  1 06:04:41 2020
Action: SIGNUP|
JOHN  DOE accessed the log on Tue Dec  1 06:04:41 2020
Action: SIGNUP|
JOHN  DOE accessed the log on Wed Dec  2 05:30:15 2020
Action: SIGNUP|
ADMIN accessed the log on Sat Dec  5 11:01:30 2020
Action: VIEW LOG|
ADMIN accessed the log on Sat Dec  5 11:20:53 2020
Action: VIEW LOG|
ADMIN accessed the log on Sat Dec  5 11:21:36 2020
Action: VIEW LOG|
ADMIN accessed the log on Sat Dec  5 11:21:58 2020
Action: VIEW LOG|
ADMIN accessed the log on Sat Dec  5 11:22:15 2020
Action: VIEW LOG|
ADMIN accessed the log on Sat Dec  5 11:22:41 2020
Action: VIEW LOG|
ADMIN accessed the log on Sat Dec  5 11:22:55 2020
Action: VIEW LOG|
ADMIN accessed the log on Sat Dec  5 11:23:49 2020
Action: VIEW LOG|
ADMIN accessed the log on Sat Dec  5 11:24:04 2020
Action: VIEW LOG|
ADMIN accessed the log on Sat Dec  5 11:24:14 2020
Action: VIEW LOG|
SUPERUSER accessed the log on Sat Dec  5 11:25:39 2020
Action: VIEW LOG|
MYNAME accessed the log on Sat Dec  5 11:25:39 2020
Action: VIEW LOG|
SUPERUSER accessed the log on Sat Dec  5 11:25:39 2020
Action: VIEW LOG|
SUPERUSER accessed the log on Sat Dec  5 12:16:13 2020
Action: VIEW LOG|
SUPERUSER accessed the log on Sat Dec  5 12:18:50 2020
Action: VIEW LOG|
ADMIN accessed the log on Sat Dec  5 12:18:50 2020
Action: VIEW LOG|
ADMIN accessed the log on Sat Dec  5 12:19:59 2020
Action: VIEW LOG|
ADMIN accessed the log on Sat Dec  5 12:20:35 2020
Action: VIEW LOG|
ADMIN accessed the log on Sat Dec  5 12:21:00 2020
Action: VIEW LOG|
ADMIN accessed the log on Sat Dec  5 12:33:18 2020
Action: VIEW LOG|
ADMIN accessed the log on Sat Dec  5 12:34:24 2020
Action: LOGIN|
NEW accessed the log on Sat Dec  5 13:27:17 2020
Action: VIEW LOG|
ADMIN accessed the log on Sat Dec  5 21:59:08 2020
Action: LOGIN|
SUPERUSER accessed the log on Sat Dec  5 21:59:08 2020
Action: VIEW LOG|
SUPERUSER accessed the log on Sat Dec  5 21:59:08 2020
Action: VIEW LOG|
ADMIN accessed the log on Sat Dec  5 21:59:08 2020
Action: VIEW LOG|
ADMIN accessed the log on Sat Dec  5 21:59:08 2020
Action: VIEW LOG|
ADMIN accessed the log on Sat Dec  5 22:06:29 2020
Action: VIEW LOG|
ADMIN accessed the log on Sat Dec  5 22:06:29 2020
Action: VIEW LOG|
ADMIN accessed the log on Sat Dec  5 22:06:29 2020
Action: VIEW LOG|
ADMIN accessed the log on Sat Dec  5 22:07:15 2020
Action: VIEW LOG|
2PAC accessed the log on Sun Dec  6 20:58:13 2020
Action: VIEW LOG|
2PAC accessed the log on Sun Dec  6 20:58:45 2020
Action: VIEW LOG|
ADMIN accessed the log on Sun Dec  6 20:58:45 2020
Action: VIEW LOG|
SUPERUSER accessed the log on Sun Dec  6 21:20:11 2020
Action: LOGIN|
ADMIN accessed the log on Sun Dec  6 21:51:41 2020
Action: LOGIN|
SHAMMAH accessed the log on Sun Dec  6 21:51:41 2020
Action: LOGIN|
SHAMMAH accessed the log on Sun Dec  6 21:55:09 2020
Action: LOGIN|
NEW USER accessed the log on Sun Dec  6 21:55:09 2020
Action: SIGNUP|
NEW USER accessed the log on Sun Dec  6 21:56:12 2020
Action: SIGNUP|
NEW accessed the log on Sun Dec  6 21:56:12 2020
Action: LOGIN|
ADMIN accessed the log on Sun Dec  6 21:56:29 2020
Action: VIEW LOG|
ADMIN accessed the log on Sun Dec  6 21:56:29 2020
Action: VIEW LOG|
ADMIN accessed the log on Sun Dec  6 21:57:45 2020
Action: VIEW LOG|
ADMIN accessed the log on Sun Dec  6 21:57:45 2020
Action: VIEW LOG|
ADMIN accessed the log on Sun Dec  6 21:58:39 2020
Action: VIEW LOG|
ADMIN accessed the log on Sun Dec  6 22:00:08 2020
Action: VIEW LOG|
ADMIN accessed the log on Sun Dec  6 22:00:30 2020
Action: VIEW LOG|
ADMIN accessed the log on Sun Dec  6 22:05:26 2020
Action: VIEW LOG|
ADMIN accessed the log on Sun Dec  6 22:05:26 2020
Action: VIEW LOG|
ADMIN accessed the log on Sun Dec  6 22:05:26 2020
Action: VIEW LOG|
ADMIN accessed the log on Sun Dec  6 22:05:26 2020
Action: VIEW LOG|
ADMIN accessed the log on Sun Dec  6 22:05:26 2020
Action: VIEW LOG|
ADMIN accessed the log on Sun Dec  6 22:05:26 2020
Action: VIEW LOG|
ADMIN accessed the log on Sun Dec  6 22:05:26 2020
Action: VIEW LOG|
ADMIN accessed the log on Sun Dec  6 22:05:26 2020
Action: VIEW LOG|
ADMIN accessed the log on Sun Dec  6 22:05:26 2020
Action: VIEW LOG|
ADMIN accessed the log on Sun Dec  6 22:05:26 2020
Action: VIEW LOG|
ADMIN accessed the log on Sun Dec  6 22:05:26 2020
Action: VIEW LOG|
ADMIN accessed the log on Sun Dec  6 22:05:26 2020
Action: VIEW LOG|
ADMIN accessed the log on Sun Dec  6 22:05:26 2020
Action: VIEW LOG|
ADMIN accessed the log on Sun Dec  6 22:05:26 2020
Action: VIEW LOG|
ADMIN accessed the log on Sun Dec  6 22:05:26 2020
Action: VIEW LOG|
ADMIN accessed the log on Sun Dec  6 22:05:26 2020
Action: VIEW LOG|
ADMIN accessed the log on Sun Dec  6 22:18:13 2020
Action: VIEW LOG|
ADMIN accessed the log on Sun Dec  6 22:18:59 2020
Action: VIEW LOG|
2PAC accessed the log on Sun Dec  6 22:18:59 2020
Action: VIEW LOG|
ADMIN accessed the log on Sun Dec  6 22:18:59 2020
Action: VIEW LOG|
ADMIN accessed the log on Sun Dec  6 22:20:30 2020
Action: VIEW LOG|
ADMIN accessed the log on Sun Dec  6 22:20:30 2020
Action: VIEW LOG|
ADMIN accessed the log on Sun Dec  6 22:20:47 2020
Action: VIEW LOG|
ADMIN accessed the log on Sun Dec  6 22:21:56 2020
Action: VIEW LOG|
ADMIN accessed the log on Sun Dec  6 22:22:23 2020
Action: VIEW LOG|
ADMIN accessed the log on Sun Dec  6 22:22:23 2020
Action: VIEW LOG|
ADMIN accessed the log on Sun Dec  6 22:22:23 2020
Action: VIEW LOG|
ADMIN accessed the log on Sun Dec  6 22:22:23 2020
Action: VIEW LOG|
ADMIN accessed the log on Sun Dec  6 22:22:23 2020
Action: VIEW LOG|
ADMIN accessed the log on Sun Dec  6 22:22:23 2020
Action: VIEW LOG|
ADMIN accessed the log on Sun Dec  6 22:22:23 2020
Action: VIEW LOG|
ADMIN accessed the log on Sun Dec  6 22:22:23 2020
Action: VIEW LOG|
ADMIN accessed the log on Sun Dec  6 22:22:23 2020
Action: VIEW LOG|
ADMIN accessed the log on Sun Dec  6 22:22:23 2020
Action: VIEW LOG|
ADMIN accessed the log on Sun Dec  6 22:22:23 2020
Action: VIEW LOG|
ADMIN accessed the log on Sun Dec  6 22:22:23 2020
Action: VIEW LOG|
ADMIN accessed the log on Sun Dec  6 22:22:23 2020
Action: VIEW LOG|
ADMIN accessed the log on Sun Dec  6 22:43:19 2020
Action: VIEW LOG|
ADMIN accessed the log on Sun Dec  6 22:43:47 2020
Action: VIEW LOG|
ADMIN accessed the log on Sun Dec  6 22:44:23 2020
Action: VIEW LOG|
ADMIN accessed the log on Sun Dec  6 22:44:44 2020
Action: VIEW LOG|
SUPERUSER accessed the log on Sun Dec  6 22:44:44 2020
Action: VIEW LOG|
WAAAAA accessed the log on Sun Dec  6 22:44:44 2020
Action: VIEW LOG|
ADMIN accessed the log on Mon Dec  7 13:07:37 2020
Action: VIEW LOG|
SUPERUSER accessed the log on Mon Dec  7 13:07:37 2020
Action: VIEW LOG|
ADMIN accessed the log on Mon Dec  7 17:38:01 2020
Action: LOGIN|
ADMIN accessed the log on Tue Dec  8 09:51:38 2020
Action: LOGIN|
ADMIN accessed the log on Wed Dec  9 13:50:58 2020
Action: LOGIN|
STEVE SHAMMAH accessed the log on Wed Dec  9 18:03:39 2020
Action: SIGNUP|
ADMIN accessed the log on Wed Dec  9 18:10:12 2020
Action: VIEW LOG|
ADMIN accessed the log on Wed Dec  9 18:11:14 2020
Action: VIEW LOG|
STEVE accessed the log on Wed Dec  9 18:11:14 2020
Action: VIEW LOG|
EGSZF accessed the log on Wed Dec  9 18:11:14 2020
Action: VIEW LOG|
ADMIN accessed the log on Wed Dec  9 18:11:14 2020
Action: VIEW LOG|
ADMIN accessed the log on Wed Dec  9 18:13:30 2020
Action: VIEW LOG|
ADMIN accessed the log on Wed Dec  9 18:16:07 2020
Action: VIEW LOG|
ADMIN accessed the log on Wed Dec  9 18:16:36 2020
Action: VIEW LOG|
ADMIN accessed the log on Wed Dec  9 18:17:25 2020
Action: VIEW LOG|
ADMIN accessed the log on Wed Dec  9 18:17:25 2020
Action: VIEW LOG|
ADMIN accessed the log on Wed Dec  9 18:18:02 2020
Action: VIEW LOG|
ADMIN accessed the log on Wed Dec  9 18:18:02 2020
Action: VIEW LOG|
ADMIN accessed the log on Wed Dec  9 18:18:02 2020
Action: VIEW LOG|
ADMIN accessed the log on Wed Dec  9 18:18:02 2020
Action: VIEW LOG|
ADMIN accessed the log on Wed Dec  9 18:18:02 2020
Action: VIEW LOG|
ADMIN accessed the log on Wed Dec  9 18:18:02 2020
Action: VIEW LOG|
ADMIN accessed the log on Wed Dec  9 18:18:02 2020
Action: VIEW LOG|
ADMIN accessed the log on Wed Dec  9 18:18:02 2020
Action: VIEW LOG|
ADMIN accessed the log on Wed Dec  9 18:18:02 2020
Action: VIEW LOG|
ADMIN accessed the log on Wed Dec  9 18:18:02 2020
Action: VIEW LOG|
ADMIN accessed the log on Wed Dec  9 18:18:02 2020
Action: VIEW LOG|
ADMIN accessed the log on Wed Dec  9 18:18:02 2020
Action: VIEW LOG|
ADMIN accessed the log on Wed Dec  9 18:18:02 2020
Action: VIEW LOG|
ADMIN accessed the log on Wed Dec  9 18:18:02 2020
Action: VIEW LOG|
ADMIN accessed the log on Wed Dec  9 18:18:02 2020
Action: VIEW LOG|
ADMIN accessed the log on Wed Dec  9 18:18:02 2020
Action: VIEW LOG|
ADMIN accessed the log on Wed Dec  9 18:18:02 2020
Action: VIEW LOG|
ADMIN accessed the log on Wed Dec  9 18:18:02 2020
Action: VIEW LOG|
ADMIN accessed the log on Wed Dec  9 18:18:02 2020
Action: VIEW LOG|
ADMIN accessed the log on Wed Dec  9 18:18:02 2020
Action: VIEW LOG|
ADMIN accessed the log on Wed Dec  9 18:18:02 2020
Action: VIEW LOG|
ADMIN accessed the log on Wed Dec  9 18:29:17 2020
Action: VIEW LOG|
ADMIN accessed the log on Wed Dec  9 18:29:17 2020
Action: VIEW LOG|
ADMIN accessed the log on Wed Dec  9 18:29:17 2020
Action: VIEW LOG|
ADMIN accessed the log on Wed Dec  9 18:29:17 2020
Action: VIEW LOG|
ADMIN accessed the log on Wed Dec  9 18:29:17 2020
Action: VIEW LOG|
ADMIN accessed the log on Wed Dec  9 18:29:17 2020
Action: VIEW LOG|
ADMIN accessed the log on Wed Dec  9 18:29:17 2020
Action: VIEW LOG|
ADMIN accessed the log on Wed Dec  9 18:29:17 2020
Action: VIEW LOG|
ADMIN accessed the log on Wed Dec  9 18:29:17 2020
Action: VIEW LOG|
ADMIN accessed the log on Wed Dec  9 18:29:17 2020
Action: VIEW LOG|
ADMIN accessed the log on Wed Dec  9 18:29:17 2020
Action: VIEW LOG|
ADMIN accessed the log on Wed Dec  9 18:29:17 2020
Action: VIEW LOG|
ADMIN accessed the log on Wed Dec  9 18:29:17 2020
Action: VIEW LOG|
ADMIN accessed the log on Wed Dec  9 18:29:17 2020
Action: VIEW LOG|
ADMIN accessed the log on Wed Dec  9 22:56:38 2020
Action: VIEW LOG|
ADMIN accessed the log on Wed Dec  9 22:56:38 2020
Action: VIEW LOG|
ADMIN accessed the log on Wed Dec  9 22:56:38 2020
Action: VIEW LOG|
SUPERUSER accessed the log on Wed Dec  9 22:56:38 2020
Action: LOGIN|
SHAMMAH RANKS accessed the log on Wed Dec  9 23:05:44 2020
Action: SIGNUP|
SHAMMAH RANKS accessed the log on Wed Dec  9 23:05:44 2020
Action: SIGNUP|
SHAMMAH RANKS accessed the log on Wed Dec  9 23:05:44 2020
Action: SIGNUP|
SHAMMAH RANKS accessed the log on Wed Dec  9 23:15:09 2020
Action: SIGNUP|
STEVE accessed the log on Wed Dec  9 23:29:52 2020
Action: LOGIN|
STEVE accessed the log on Wed Dec  9 23:30:37 2020
Action: LOGIN|
DOUBLE TROUBLE accessed the log on Wed Dec  9 23:36:27 2020
Action: SIGNUP|
DOUBLE TROUBLE accessed the log on Wed Dec  9 23:36:27 2020
Action: LOGIN|
ADMIN accessed the log on Wed Dec  9 23:38:47 2020
Action: VIEW LOG|
STEVE accessed the log on Wed Dec  9 23:38:47 2020
Action: LOGIN|
SHAMMAH accessed the log on Wed Dec  9 23:38:47 2020
Action: LOGIN|
SUPERUSER accessed the log on Wed Dec  9 23:48:14 2020
Action: LOGIN|
ADMIN accessed the log on Wed Dec  9 23:48:14 2020
Action: VIEW LOG|
SHAMMAH SCRAPPER accessed the log on Thu Dec 10 08:11:27 2020
Action: SIGNUP|
ADMIN accessed the log on Thu Dec 10 08:13:01 2020
Action: VIEW LOG|
ADMIN accessed the log on Thu Dec 10 11:14:37 2020
Action: VIEW LOG|
ADMIN accessed the log on Thu Dec 10 11:18:42 2020
Action: VIEW LOG|
NIGGA MZURI MAMA accessed the log on Thu Dec 10 11:18:42 2020
Action: SIGNUP|
TROUBLEMAN32, calculated his bmi on Thu Dec 10 11:18:42 2020 |
HACKER 101, calculated his bmi on Thu Dec 10 11:19:51 2020 |
HACKER 101, calculated his bmi on Thu Dec 10 11:19:51 2020 |
ADMIN accessed the log on Thu Dec 10 11:19:51 2020
Action: VIEW LOG|
ADMIN accessed the log on Thu Dec 10 12:23:26 2020
Action: VIEW LOG|
MAN STEVO, calculated his bmi on Thu Dec 10 12:49:00 2020 |
 accessed the log on Thu Dec 10 23:34:05 2020
Action: CREATE POST|
SHAMMAH accessed the log on Thu Dec 10 23:34:34 2020
Action: CREATE POST|
JOHN DOE accessed the log on Thu Dec 10 23:34:34 2020
Action: CREATE POST|
JOHN DOE accessed the log on Thu Dec 10 23:37:02 2020
Action: CREATE POST|
JOHN DOE accessed the log on Thu Dec 10 23:43:57 2020
Action: CREATE POST|
JAHMIEL accessed the log on Fri Dec 11 09:20:30 2020
Action: CREATE POST|
JAHMIEL accessed the log on Fri Dec 11 09:20:30 2020
Action: CREATE POST|
JAHMIEL accessed the log on Fri Dec 11 09:34:07 2020
Action: CREATE POST|
JAHMIEL accessed the log on Fri Dec 11 09:34:07 2020
Action: CREATE POST|
JAHMIEL accessed the log on Fri Dec 11 09:34:51 2020
Action: CREATE POST|
KELVINS, calculated his bmi on Fri Dec 11 09:34:51 2020 |
