
Username: STEVE SHAMMAH
Email : Shammahodhiambo@gmail.com
Password : 1234
Timestamp: Wed Nov 25 07:45:27 2020|
Username: STEVE SHAMMAH
Email : Shammahodhiambo@gmail.com
Password : 1234
Timestamp: Wed Nov 25 07:45:31 2020|
Username: STEVE SHAMMAH
Email : Shammahodhiambo@gmail.com
Password : 1234
Timestamp: Wed Nov 25 07:45:33 2020|
Username: STEVE SHAMMAH
Email : Shammahodhiambo@gmail.com
Password : 1234
Timestamp: Wed Nov 25 07:45:37 2020|
Username: STEVE SHAMMAH
Email : Shammahodhiambo@gmail.com
Password : 1234
Timestamp: Wed Nov 25 07:45:38 2020|
Username: STEVE SHAMMAH
Email : Shammahodhiambo@gmail.com
Password : 1234
Timestamp: Wed Nov 25 07:45:38 2020|
Username: STEVE SHAMMAH
Email : Odhiambo@gmail.com
Password : 1234
Timestamp: Fri Nov 27 07:45:20 2020|
Username: STEVE SHAMMAH
Email : Odhiambo@gmail.com
Password : 1234
Timestamp: Fri Nov 27 07:45:53 2020|
Username: LIL WAYNE
Email : Wayneworld@worldstar.com
Password : FjSEEuwGhy63Auk
Timestamp: Sun Nov 29 17:03:00 2020|
Username: EMINEM WAYNE
Email : Wayneworld@worldstar.com
Password : FjSEEuwGhy63Auk
Timestamp: Sun Nov 29 17:03:00 2020|
Username: EMINEM WAYNE
Email : Wayneworld@worldstar.com
Password : FjSEEuwGhy63Auk
Timestamp: Sun Nov 29 17:07:29 2020|
Username: 2PAC SHAKUR
Email : 2pacshakur@gmail.com
Password : admin
Timestamp: Sun Nov 29 17:17:33 2020|
Username: MAD MOMMA
Email : Dfewcwcwecw
Password : mad
Timestamp: Sun Nov 29 17:17:33 2020|
Username: MAD MOMMA
Email : Dfewcwcwecw
Password : mad
Timestamp: Sun Nov 29 17:21:54 2020|
Username: STEVE SHAMMAH
Email : Shammasteve.o@gmail.com
Password : 1234567
Timestamp: Mon Nov 30 20:50:41 2020|
Username: ADMINISTRATOR ADMIN
Email : Admin.com
Password : admin
Timestamp: Mon Nov 30 21:25:38 2020|
Username: J CAPRI
Email : Pullup@bumbercom
Password : pullup
Timestamp: Mon Nov 30 21:27:56 2020|
Username: JOSEPH HILL
Email : Culture@riverside
Password : onestne
Timestamp: Mon Nov 30 21:28:47 2020|
Username: DEXTA DAPS
Email : Dextadaps
Password : humble
Timestamp: Mon Nov 30 22:07:27 2020|
Username: STEVE SHAMMAH
Email : Shammasteve.o@gmail.com
Password : 12345
Timestamp: Tue Dec  1 06:04:41 2020|
Username: JOHN  DOE
Email : Johndoe.com
Password : UNKONWN
Timestamp: Wed Dec  2 05:30:15 2020|
Username: NEW USER
Email : Madmax.com
Password : new
Timestamp: Sun Dec  6 21:56:12 2020|
Username: SHAMMAH RANKS
Email : Email.com
Password : steve
Timestamp: Wed Dec  9 23:15:09 2020|
Username: DOUBLE TROUBLE
Email : Trouble.com
Password : troubleman
Timestamp: Wed Dec  9 23:36:27 2020|
Username: SHAMMAH SCRAPPER
Email : Webscrapper.com
Password : 1234567890
Timestamp: Thu Dec 10 08:11:27 2020|
Username: NIGGA MZURI MAMA
Email : Myspace.com
Password : ascaxZX
Timestamp: Thu Dec 10 11:18:42 2020|
TROUBLEMAN32, of weight 100 and height 1.5 
 And got 44.0 as his bmi 
 Thu Dec 10 11:18:42 2020 |
 HACKER 101, of weight 100 and height 1.83 
 Got 29.0 as his bmi 
 Thu Dec 10 11:19:51 2020 |
 HACKER 101, of weight 100 and height 1.83 
 Got 29.0 as his bmi 
 Thu Dec 10 11:19:51 2020 |
 MAN STEVO, of weight 75 and height 1.67 
 Got 26.0 as his bmi 
 Thu Dec 10 12:49:00 2020 |
 KELVINS, of weight 120 and height 1.75 
 Got 39.0 as his bmi 
 Fri Dec 11 09:34:51 2020 |
 PATOH, of weight 80 and height 1.75 
 Got 26.0 as his bmi 
 Sun Dec 13 12:40:29 2020 |
 